22:38:05.473 WARN  n.c.r.d.c.x.XmlComponentDefinitionLoader component property was overridden. component name = businessDateProvider, property = tableName
22:38:05.489 WARN  n.c.r.d.c.x.XmlComponentDefinitionLoader component property was overridden. component name = businessDateProvider, property = segmentColumnName
22:38:05.489 WARN  n.c.r.d.c.x.XmlComponentDefinitionLoader component property was overridden. component name = businessDateProvider, property = dateColumnName
22:38:05.489 WARN  n.c.r.d.c.x.XmlComponentDefinitionLoader component property was overridden. component name = businessDateProvider, property = defaultSegment
22:38:05.490 WARN  n.c.r.d.c.x.XmlComponentDefinitionLoader component property was overridden. component name = businessDateProvider, property = dbTransactionManager
22:38:40.280 INFO  c.e.b.SampleBatchlet 削除件数：10件
23:24:13.877 WARN  n.c.r.d.c.x.XmlComponentDefinitionLoader component property was overridden. component name = businessDateProvider, property = tableName
23:24:13.889 WARN  n.c.r.d.c.x.XmlComponentDefinitionLoader component property was overridden. component name = businessDateProvider, property = segmentColumnName
23:24:13.889 WARN  n.c.r.d.c.x.XmlComponentDefinitionLoader component property was overridden. component name = businessDateProvider, property = dateColumnName
23:24:13.889 WARN  n.c.r.d.c.x.XmlComponentDefinitionLoader component property was overridden. component name = businessDateProvider, property = defaultSegment
23:24:13.889 WARN  n.c.r.d.c.x.XmlComponentDefinitionLoader component property was overridden. component name = businessDateProvider, property = dbTransactionManager
23:24:30.342 INFO  c.e.b.SampleBatchlet 削除件数：10件
23:28:38.356 WARN  n.c.r.d.c.x.XmlComponentDefinitionLoader component property was overridden. component name = businessDateProvider, property = tableName
23:28:38.375 WARN  n.c.r.d.c.x.XmlComponentDefinitionLoader component property was overridden. component name = businessDateProvider, property = segmentColumnName
23:28:38.376 WARN  n.c.r.d.c.x.XmlComponentDefinitionLoader component property was overridden. component name = businessDateProvider, property = dateColumnName
23:28:38.376 WARN  n.c.r.d.c.x.XmlComponentDefinitionLoader component property was overridden. component name = businessDateProvider, property = defaultSegment
23:28:38.376 WARN  n.c.r.d.c.x.XmlComponentDefinitionLoader component property was overridden. component name = businessDateProvider, property = dbTransactionManager
23:29:53.891 WARN  n.c.r.d.c.x.XmlComponentDefinitionLoader component property was overridden. component name = businessDateProvider, property = tableName
23:29:53.905 WARN  n.c.r.d.c.x.XmlComponentDefinitionLoader component property was overridden. component name = businessDateProvider, property = segmentColumnName
23:29:53.906 WARN  n.c.r.d.c.x.XmlComponentDefinitionLoader component property was overridden. component name = businessDateProvider, property = dateColumnName
23:29:53.907 WARN  n.c.r.d.c.x.XmlComponentDefinitionLoader component property was overridden. component name = businessDateProvider, property = defaultSegment
23:29:53.907 WARN  n.c.r.d.c.x.XmlComponentDefinitionLoader component property was overridden. component name = businessDateProvider, property = dbTransactionManager
00:20:46.999 WARN  n.c.r.d.c.x.XmlComponentDefinitionLoader component property was overridden. component name = businessDateProvider, property = tableName
00:20:47.016 WARN  n.c.r.d.c.x.XmlComponentDefinitionLoader component property was overridden. component name = businessDateProvider, property = segmentColumnName
00:20:47.018 WARN  n.c.r.d.c.x.XmlComponentDefinitionLoader component property was overridden. component name = businessDateProvider, property = dateColumnName
00:20:47.018 WARN  n.c.r.d.c.x.XmlComponentDefinitionLoader component property was overridden. component name = businessDateProvider, property = defaultSegment
00:20:47.018 WARN  n.c.r.d.c.x.XmlComponentDefinitionLoader component property was overridden. component name = businessDateProvider, property = dbTransactionManager
00:26:33.355 WARN  n.c.r.d.c.x.XmlComponentDefinitionLoader component property was overridden. component name = businessDateProvider, property = tableName
00:26:33.369 WARN  n.c.r.d.c.x.XmlComponentDefinitionLoader component property was overridden. component name = businessDateProvider, property = segmentColumnName
00:26:33.369 WARN  n.c.r.d.c.x.XmlComponentDefinitionLoader component property was overridden. component name = businessDateProvider, property = dateColumnName
00:26:33.370 WARN  n.c.r.d.c.x.XmlComponentDefinitionLoader component property was overridden. component name = businessDateProvider, property = defaultSegment
00:26:33.370 WARN  n.c.r.d.c.x.XmlComponentDefinitionLoader component property was overridden. component name = businessDateProvider, property = dbTransactionManager
00:26:55.532 INFO  c.e.b.SampleBatchlet 登録件数：0件
00:27:16.940 WARN  n.c.r.d.c.x.XmlComponentDefinitionLoader component property was overridden. component name = businessDateProvider, property = tableName
00:27:16.958 WARN  n.c.r.d.c.x.XmlComponentDefinitionLoader component property was overridden. component name = businessDateProvider, property = segmentColumnName
00:27:16.958 WARN  n.c.r.d.c.x.XmlComponentDefinitionLoader component property was overridden. component name = businessDateProvider, property = dateColumnName
00:27:16.959 WARN  n.c.r.d.c.x.XmlComponentDefinitionLoader component property was overridden. component name = businessDateProvider, property = defaultSegment
00:27:16.959 WARN  n.c.r.d.c.x.XmlComponentDefinitionLoader component property was overridden. component name = businessDateProvider, property = dbTransactionManager
00:27:42.369 INFO  c.e.b.SampleBatchlet 登録件数：0件
00:29:39.471 INFO  o.j.w.Version WELD-000900: 2.2.12 (Final)
00:29:39.913 INFO  o.j.w.Bootstrap WELD-000101: Transactional services not available. Injection of @Inject UserTransaction not available. Transactional observers will be invoked synchronously.
00:29:40.028 WARN  o.j.w.Interceptor WELD-001700: Interceptor annotation class javax.ejb.PostActivate not found, interception based on it is not enabled
00:29:40.028 WARN  o.j.w.Interceptor WELD-001700: Interceptor annotation class javax.ejb.PrePassivate not found, interception based on it is not enabled
00:29:41.619 WARN  n.c.r.d.c.x.XmlComponentDefinitionLoader component property was overridden. component name = businessDateProvider, property = tableName
00:29:41.620 WARN  n.c.r.d.c.x.XmlComponentDefinitionLoader component property was overridden. component name = businessDateProvider, property = segmentColumnName
00:29:41.620 WARN  n.c.r.d.c.x.XmlComponentDefinitionLoader component property was overridden. component name = businessDateProvider, property = dateColumnName
00:29:41.620 WARN  n.c.r.d.c.x.XmlComponentDefinitionLoader component property was overridden. component name = businessDateProvider, property = defaultSegment
00:29:41.621 WARN  n.c.r.d.c.x.XmlComponentDefinitionLoader component property was overridden. component name = businessDateProvider, property = dbTransactionManager
00:29:42.406 INFO  c.e.b.SampleBatchlet 登録件数：0件
00:30:23.504 INFO  o.j.w.Version WELD-000900: 2.2.12 (Final)
00:30:23.952 INFO  o.j.w.Bootstrap WELD-000101: Transactional services not available. Injection of @Inject UserTransaction not available. Transactional observers will be invoked synchronously.
00:30:24.057 WARN  o.j.w.Interceptor WELD-001700: Interceptor annotation class javax.ejb.PostActivate not found, interception based on it is not enabled
00:30:24.057 WARN  o.j.w.Interceptor WELD-001700: Interceptor annotation class javax.ejb.PrePassivate not found, interception based on it is not enabled
00:30:25.751 WARN  n.c.r.d.c.x.XmlComponentDefinitionLoader component property was overridden. component name = businessDateProvider, property = tableName
00:30:25.752 WARN  n.c.r.d.c.x.XmlComponentDefinitionLoader component property was overridden. component name = businessDateProvider, property = segmentColumnName
00:30:25.752 WARN  n.c.r.d.c.x.XmlComponentDefinitionLoader component property was overridden. component name = businessDateProvider, property = dateColumnName
00:30:25.752 WARN  n.c.r.d.c.x.XmlComponentDefinitionLoader component property was overridden. component name = businessDateProvider, property = defaultSegment
00:30:25.752 WARN  n.c.r.d.c.x.XmlComponentDefinitionLoader component property was overridden. component name = businessDateProvider, property = dbTransactionManager
00:30:26.574 INFO  c.e.b.SampleBatchlet 登録件数：0件
00:31:24.442 INFO  o.j.w.Version WELD-000900: 2.2.12 (Final)
00:31:24.877 INFO  o.j.w.Bootstrap WELD-000101: Transactional services not available. Injection of @Inject UserTransaction not available. Transactional observers will be invoked synchronously.
00:31:24.993 WARN  o.j.w.Interceptor WELD-001700: Interceptor annotation class javax.ejb.PostActivate not found, interception based on it is not enabled
00:31:24.994 WARN  o.j.w.Interceptor WELD-001700: Interceptor annotation class javax.ejb.PrePassivate not found, interception based on it is not enabled
00:31:26.220 WARN  n.c.r.d.c.x.XmlComponentDefinitionLoader component property was overridden. component name = businessDateProvider, property = tableName
00:31:26.221 WARN  n.c.r.d.c.x.XmlComponentDefinitionLoader component property was overridden. component name = businessDateProvider, property = segmentColumnName
00:31:26.221 WARN  n.c.r.d.c.x.XmlComponentDefinitionLoader component property was overridden. component name = businessDateProvider, property = dateColumnName
00:31:26.221 WARN  n.c.r.d.c.x.XmlComponentDefinitionLoader component property was overridden. component name = businessDateProvider, property = defaultSegment
00:31:26.221 WARN  n.c.r.d.c.x.XmlComponentDefinitionLoader component property was overridden. component name = businessDateProvider, property = dbTransactionManager
00:31:26.854 INFO  c.e.b.SampleBatchlet 登録件数：0件
00:33:34.617 INFO  o.j.w.Version WELD-000900: 2.2.12 (Final)
00:33:35.071 INFO  o.j.w.Bootstrap WELD-000101: Transactional services not available. Injection of @Inject UserTransaction not available. Transactional observers will be invoked synchronously.
00:33:35.184 WARN  o.j.w.Interceptor WELD-001700: Interceptor annotation class javax.ejb.PostActivate not found, interception based on it is not enabled
00:33:35.185 WARN  o.j.w.Interceptor WELD-001700: Interceptor annotation class javax.ejb.PrePassivate not found, interception based on it is not enabled
00:33:36.702 WARN  n.c.r.d.c.x.XmlComponentDefinitionLoader component property was overridden. component name = businessDateProvider, property = tableName
00:33:36.703 WARN  n.c.r.d.c.x.XmlComponentDefinitionLoader component property was overridden. component name = businessDateProvider, property = segmentColumnName
00:33:36.704 WARN  n.c.r.d.c.x.XmlComponentDefinitionLoader component property was overridden. component name = businessDateProvider, property = dateColumnName
00:33:36.704 WARN  n.c.r.d.c.x.XmlComponentDefinitionLoader component property was overridden. component name = businessDateProvider, property = defaultSegment
00:33:36.704 WARN  n.c.r.d.c.x.XmlComponentDefinitionLoader component property was overridden. component name = businessDateProvider, property = dbTransactionManager
